<?xml version="1.0" encoding="UTF-8"?>
<!-- Generated by org.testng.reporters.JUnitXMLReporter -->
<testsuite ignored="0" hostname="LAPTOP-FSB7BTQ3" failures="0" tests="4" name="Default test" time="4.535" errors="0" timestamp="2024-09-24T22:44:03 IST">
  <testcase classname="Data_Driven_test.data.object" name="test" time="0.045"/>
  <testcase classname="Data_Driven_test.data.object" name="test" time="0.005"/>
  <testcase classname="Data_Driven_test.data.object" name="test" time="0.077"/>
  <testcase classname="Data_Driven_test.data.object" name="test" time="0.031"/>
</testsuite> <!-- Default test -->
