<?xml version="1.0" encoding="UTF-8"?>
<!-- Generated by org.testng.reporters.JUnitXMLReporter -->
<testsuite ignored="4" hostname="LAPTOP-FSB7BTQ3" failures="0" tests="2" name="Test" time="47.751" errors="0" timestamp="2024-09-24T22:22:55 IST">
  <testcase classname="groupExicution.group1" name="smoke" time="33.8"/>
  <testcase classname="groupExicution.group2" name="smoke1" time="13.56"/>
  <testcase classname="groupExicution.group2" name="Fuction1" time="0.0">
    <ignored/>
  </testcase> <!-- Fuction1 -->
  <testcase classname="groupExicution.group1" name="Integration" time="0.0">
    <ignored/>
  </testcase> <!-- Integration -->
  <testcase classname="groupExicution.group2" name="Integration1" time="0.0">
    <ignored/>
  </testcase> <!-- Integration1 -->
  <testcase classname="groupExicution.group1" name="Fuction" time="0.0">
    <ignored/>
  </testcase> <!-- Fuction -->
</testsuite> <!-- Test -->
