<?xml version="1.0" encoding="UTF-8"?>
<testng-results ignored="0" total="4" passed="4" failed="0" skipped="0">
  <reporter-output>
    <line>
      <![CDATA[trainer]]>
    </line>
    <line>
      <![CDATA[sub]]>
    </line>
    <line>
      <![CDATA[koushik]]>
    </line>
    <line>
      <![CDATA[java]]>
    </line>
    <line>
      <![CDATA[123]]>
    </line>
    <line>
      <![CDATA[selenium]]>
    </line>
    <line>
      <![CDATA[yogi]]>
    </line>
    <line>
      <![CDATA[sql]]>
    </line>
  </reporter-output>
  <suite started-at="2024-09-24T22:43:58 IST" name="Default suite" finished-at="2024-09-24T22:44:03 IST" duration-ms="4535">
    <groups>
    </groups>
    <test started-at="2024-09-24T22:43:58 IST" name="Default test" finished-at="2024-09-24T22:44:03 IST" duration-ms="4535">
      <class name="Data_Driven_test.data.object">
        <test-method signature="test(java.lang.String,java.lang.String)[pri:0, instance:Data_Driven_test.data.object@3d5c822d]" started-at="2024-09-24T22:44:03 IST" name="test" data-provider="credential" finished-at="2024-09-24T22:44:03 IST" duration-ms="45" status="PASS">
          <params>
            <param index="0">
              <value>
                <![CDATA[trainer]]>
              </value>
            </param>
            <param index="1">
              <value>
                <![CDATA[sub]]>
              </value>
            </param>
          </params>
          <reporter-output>
            <line>
              <![CDATA[trainer]]>
            </line>
            <line>
              <![CDATA[sub]]>
            </line>
          </reporter-output>
        </test-method> <!-- test -->
        <test-method signature="test(java.lang.String,java.lang.String)[pri:0, instance:Data_Driven_test.data.object@3d5c822d]" started-at="2024-09-24T22:44:03 IST" name="test" data-provider="credential" finished-at="2024-09-24T22:44:03 IST" duration-ms="5" status="PASS">
          <params>
            <param index="0">
              <value>
                <![CDATA[koushik]]>
              </value>
            </param>
            <param index="1">
              <value>
                <![CDATA[java]]>
              </value>
            </param>
          </params>
          <reporter-output>
            <line>
              <![CDATA[koushik]]>
            </line>
            <line>
              <![CDATA[java]]>
            </line>
          </reporter-output>
        </test-method> <!-- test -->
        <test-method signature="test(java.lang.String,java.lang.String)[pri:0, instance:Data_Driven_test.data.object@3d5c822d]" started-at="2024-09-24T22:44:03 IST" name="test" data-provider="credential" finished-at="2024-09-24T22:44:03 IST" duration-ms="77" status="PASS">
          <params>
            <param index="0">
              <value>
                <![CDATA[123]]>
              </value>
            </param>
            <param index="1">
              <value>
                <![CDATA[selenium]]>
              </value>
            </param>
          </params>
          <reporter-output>
            <line>
              <![CDATA[123]]>
            </line>
            <line>
              <![CDATA[selenium]]>
            </line>
          </reporter-output>
        </test-method> <!-- test -->
        <test-method signature="test(java.lang.String,java.lang.String)[pri:0, instance:Data_Driven_test.data.object@3d5c822d]" started-at="2024-09-24T22:44:03 IST" name="test" data-provider="credential" finished-at="2024-09-24T22:44:03 IST" duration-ms="31" status="PASS">
          <params>
            <param index="0">
              <value>
                <![CDATA[yogi]]>
              </value>
            </param>
            <param index="1">
              <value>
                <![CDATA[sql]]>
              </value>
            </param>
          </params>
          <reporter-output>
            <line>
              <![CDATA[yogi]]>
            </line>
            <line>
              <![CDATA[sql]]>
            </line>
          </reporter-output>
        </test-method> <!-- test -->
      </class> <!-- Data_Driven_test.data.object -->
    </test> <!-- Default test -->
  </suite> <!-- Default suite -->
</testng-results>
